* using log directory ‘/Users/chaosnow/Desktop/ST230/matrix.Rcheck’
* using R version 4.0.2 (2020-06-22)
* using platform: x86_64-apple-darwin17.0 (64-bit)
* using session charset: UTF-8
* using options ‘--no-manual --as-cran’
* checking for file ‘matrix/DESCRIPTION’ ... OK
* checking extension type ... Package
* this is package ‘matrix’ version ‘0.1.0’
* package encoding: UTF-8
* checking package namespace information ... OK
* checking package dependencies ... OK
* checking if this is a source package ... OK
* checking if there is a namespace ... OK
* checking for executable files ... OK
* checking for hidden files and directories ... OK
* checking for portable file names ... OK
* checking for sufficient/correct file permissions ... OK
* checking serialization versions ... OK
* checking whether package ‘matrix’ can be installed ... ERROR
Installation failed.
See ‘/Users/chaosnow/Desktop/ST230/matrix.Rcheck/00install.out’ for details.
* DONE
Status: 1 ERROR
